#
# There is insufficient memory for the Java Runtime Environment to continue.
# Native memory allocation (malloc) failed to allocate 1964352 bytes. Error detail: Chunk::new
# Possible reasons:
#   The system is out of physical RAM or swap space
#   This process is running with CompressedOops enabled, and the Java Heap may be blocking the growth of the native heap
# Possible solutions:
#   Reduce memory load on the system
#   Increase physical memory or swap space
#   Check if swap backing store is full
#   Decrease Java heap size (-Xmx/-Xms)
#   Decrease number of Java threads
#   Decrease Java thread stack sizes (-Xss)
#   Set larger code cache with -XX:ReservedCodeCacheSize=
#   JVM is running with Unscaled Compressed Oops mode in which the Java heap is
#     placed in the first 4GB address space. The Java Heap base address is the
#     maximum limit for the native heap growth. Please use -XX:HeapBaseMinAddress
#     to set the Java Heap base and to place the Java Heap above 4GB virtual address.
# This output file may be truncated or incomplete.
#
#  Out of Memory Error (arena.cpp:168), pid=6532, tid=12244
#
# JRE version: OpenJDK Runtime Environment (21.0.6) (build 21.0.6+-13355223-b631.42)
# Java VM: OpenJDK 64-Bit Server VM (21.0.6+-13355223-b631.42, mixed mode, tiered, compressed oops, compressed class ptrs, g1 gc, windows-amd64)
# No core dump will be written. Minidumps are not enabled by default on client versions of Windows
#

---------------  S U M M A R Y ------------

Command Line: --add-opens=java.base/java.lang=ALL-UNNAMED --add-opens=java.base/java.lang.invoke=ALL-UNNAMED --add-opens=java.base/java.util=ALL-UNNAMED --add-opens=java.prefs/java.util.prefs=ALL-UNNAMED --add-exports=jdk.compiler/com.sun.tools.javac.api=ALL-UNNAMED --add-exports=jdk.compiler/com.sun.tools.javac.util=ALL-UNNAMED --add-opens=java.base/java.util=ALL-UNNAMED --add-opens=java.prefs/java.util.prefs=ALL-UNNAMED --add-opens=java.base/java.nio.charset=ALL-UNNAMED --add-opens=java.base/java.net=ALL-UNNAMED --add-opens=java.base/java.util.concurrent.atomic=ALL-UNNAMED --add-opens=java.xml/javax.xml.namespace=ALL-UNNAMED -Xmx2048m -Dfile.encoding=UTF-8 -Duser.country=BR -Duser.language=pt -Duser.variant -javaagent:C:\Users\Joran Joshwa\.gradle\wrapper\dists\gradle-8.11.1-bin\bpt9gzteqjrbo1mjrsomdt32c\gradle-8.11.1\lib\agents\gradle-instrumentation-agent-8.11.1.jar org.gradle.launcher.daemon.bootstrap.GradleDaemon 8.11.1

Host: AMD Ryzen 5 5600GT with Radeon Graphics        , 12 cores, 11G,  Windows 10 , 64 bit Build 19041 (10.0.19041.5915)
Time: Tue Jun 17 18:03:46 2025 Hora oficial do Brasil elapsed time: 4.411775 seconds (0d 0h 0m 4s)

---------------  T H R E A D  ---------------

Current thread (0x000001ad2be99480):  JavaThread "C2 CompilerThread1" daemon [_thread_in_native, id=12244, stack(0x0000005a89200000,0x0000005a89300000) (1024K)]


Current CompileTask:
C2:4411 4742   !   4       java.net.URLClassLoader$1::run (81 bytes)

Stack: [0x0000005a89200000,0x0000005a89300000]
Native frames: (J=compiled Java code, j=interpreted, Vv=VM code, C=native code)
V  [jvm.dll+0x6d05a9]
V  [jvm.dll+0x85ea73]
V  [jvm.dll+0x860fce]
V  [jvm.dll+0x8616b3]
V  [jvm.dll+0x27e6e6]
V  [jvm.dll+0xbff6d]
V  [jvm.dll+0xc04a3]
V  [jvm.dll+0x3b616b]
V  [jvm.dll+0x382097]
V  [jvm.dll+0x38150a]
V  [jvm.dll+0x247c82]
V  [jvm.dll+0x247251]
V  [jvm.dll+0x1c5f04]
V  [jvm.dll+0x2569ac]
V  [jvm.dll+0x254ef6]
V  [jvm.dll+0x3f0e56]
V  [jvm.dll+0x806e48]
V  [jvm.dll+0x6cee7d]
C  [ucrtbase.dll+0x21bb2]
C  [KERNEL32.DLL+0x17374]
C  [ntdll.dll+0x4cc91]


---------------  P R O C E S S  ---------------

Threads class SMR info:
_java_thread_list=0x000001ad345cad80, length=33, elements={
0x000001ad11ad2f70, 0x000001ad2bbda5e0, 0x000001ad2bbddba0, 0x000001ad2bbf8920,
0x000001ad2bbf9370, 0x000001ad2bbbb6a0, 0x000001ad2bbc0100, 0x000001ad2bbc4050,
0x000001ad2bbc8b00, 0x000001ad2b9aa570, 0x000001ad2bede6c0, 0x000001ad2be99480,
0x000001ad31c52140, 0x000001ad313d77b0, 0x000001ad31c4b530, 0x000001ad31c2bb00,
0x000001ad31b1f920, 0x000001ad31c6bfd0, 0x000001ad31c6c630, 0x000001ad31bc2540,
0x000001ad31bc8630, 0x000001ad31bc8cc0, 0x000001ad31bc7fa0, 0x000001ad31bcad90,
0x000001ad31bc9350, 0x000001ad31bca700, 0x000001ad31bc99e0, 0x000001ad31bcb420,
0x000001ad31bca070, 0x000001ad31fb4ff0, 0x000001ad31fb6a30, 0x000001ad31fb2200,
0x000001ad31fb1b70
}

Java Threads: ( => current thread )
  0x000001ad11ad2f70 JavaThread "main"                              [_thread_blocked, id=624, stack(0x0000005a88000000,0x0000005a88100000) (1024K)]
  0x000001ad2bbda5e0 JavaThread "Reference Handler"          daemon [_thread_blocked, id=8800, stack(0x0000005a88800000,0x0000005a88900000) (1024K)]
  0x000001ad2bbddba0 JavaThread "Finalizer"                  daemon [_thread_blocked, id=17776, stack(0x0000005a88900000,0x0000005a88a00000) (1024K)]
  0x000001ad2bbf8920 JavaThread "Signal Dispatcher"          daemon [_thread_blocked, id=18476, stack(0x0000005a88a00000,0x0000005a88b00000) (1024K)]
  0x000001ad2bbf9370 JavaThread "Attach Listener"            daemon [_thread_blocked, id=15096, stack(0x0000005a88b00000,0x0000005a88c00000) (1024K)]
  0x000001ad2bbbb6a0 JavaThread "Service Thread"             daemon [_thread_blocked, id=15564, stack(0x0000005a88c00000,0x0000005a88d00000) (1024K)]
  0x000001ad2bbc0100 JavaThread "Monitor Deflation Thread"   daemon [_thread_blocked, id=17036, stack(0x0000005a88d00000,0x0000005a88e00000) (1024K)]
  0x000001ad2bbc4050 JavaThread "C2 CompilerThread0"         daemon [_thread_in_native, id=10712, stack(0x0000005a88e00000,0x0000005a88f00000) (1024K)]
  0x000001ad2bbc8b00 JavaThread "C1 CompilerThread0"         daemon [_thread_blocked, id=9480, stack(0x0000005a88f00000,0x0000005a89000000) (1024K)]
  0x000001ad2b9aa570 JavaThread "Common-Cleaner"             daemon [_thread_blocked, id=13376, stack(0x0000005a89000000,0x0000005a89100000) (1024K)]
  0x000001ad2bede6c0 JavaThread "Notification Thread"        daemon [_thread_blocked, id=10656, stack(0x0000005a89100000,0x0000005a89200000) (1024K)]
=>0x000001ad2be99480 JavaThread "C2 CompilerThread1"         daemon [_thread_in_native, id=12244, stack(0x0000005a89200000,0x0000005a89300000) (1024K)]
  0x000001ad31c52140 JavaThread "Daemon health stats"               [_thread_blocked, id=12532, stack(0x0000005a89800000,0x0000005a89900000) (1024K)]
  0x000001ad313d77b0 JavaThread "Incoming local TCP Connector on port 59843"        [_thread_in_native, id=17032, stack(0x0000005a89900000,0x0000005a89a00000) (1024K)]
  0x000001ad31c4b530 JavaThread "Daemon periodic checks"            [_thread_blocked, id=18100, stack(0x0000005a89a00000,0x0000005a89b00000) (1024K)]
  0x000001ad31c2bb00 JavaThread "Daemon"                            [_thread_blocked, id=14184, stack(0x0000005a89b00000,0x0000005a89c00000) (1024K)]
  0x000001ad31b1f920 JavaThread "Handler for socket connection from /127.0.0.1:59843 to /127.0.0.1:59844"        [_thread_in_native, id=7804, stack(0x0000005a89c00000,0x0000005a89d00000) (1024K)]
  0x000001ad31c6bfd0 JavaThread "Cancel handler"                    [_thread_blocked, id=18248, stack(0x0000005a89d00000,0x0000005a89e00000) (1024K)]
  0x000001ad31c6c630 JavaThread "Daemon worker"                     [_thread_in_vm, id=11412, stack(0x0000005a89e00000,0x0000005a89f00000) (1024K)]
  0x000001ad31bc2540 JavaThread "Asynchronous log dispatcher for DefaultDaemonConnection: socket connection from /127.0.0.1:59843 to /127.0.0.1:59844"        [_thread_blocked, id=19280, stack(0x0000005a89f00000,0x0000005a8a000000) (1024K)]
  0x000001ad31bc8630 JavaThread "Stdin handler"                     [_thread_blocked, id=11636, stack(0x0000005a8a000000,0x0000005a8a100000) (1024K)]
  0x000001ad31bc8cc0 JavaThread "Daemon client event forwarder"        [_thread_blocked, id=11516, stack(0x0000005a8a100000,0x0000005a8a200000) (1024K)]
  0x000001ad31bc7fa0 JavaThread "Cache worker for journal cache (C:\Users\Joran Joshwa\.gradle\caches\journal-1)"        [_thread_blocked, id=4980, stack(0x0000005a8a800000,0x0000005a8a900000) (1024K)]
  0x000001ad31bcad90 JavaThread "File lock request listener"        [_thread_in_native, id=13932, stack(0x0000005a8a900000,0x0000005a8aa00000) (1024K)]
  0x000001ad31bc9350 JavaThread "Cache worker for file hash cache (C:\Users\Joran Joshwa\.gradle\caches\8.11.1\fileHashes)"        [_thread_blocked, id=12632, stack(0x0000005a8aa00000,0x0000005a8ab00000) (1024K)]
  0x000001ad31bca700 JavaThread "Cache worker for file content cache (C:\Users\Joran Joshwa\.gradle\caches\8.11.1\fileContent)"        [_thread_blocked, id=964, stack(0x0000005a8ab00000,0x0000005a8ac00000) (1024K)]
  0x000001ad31bc99e0 JavaThread "Cache worker for file hash cache (C:\Users\Joran Joshwa\AndroidStudioProjects\MyGameList\.gradle\8.11.1\fileHashes)"        [_thread_blocked, id=6760, stack(0x0000005a8ac00000,0x0000005a8ad00000) (1024K)]
  0x000001ad31bcb420 JavaThread "Cache worker for Build Output Cleanup Cache (C:\Users\Joran Joshwa\AndroidStudioProjects\MyGameList\.gradle\buildOutputCleanup)"        [_thread_blocked, id=9796, stack(0x0000005a8ad00000,0x0000005a8ae00000) (1024K)]
  0x000001ad31bca070 JavaThread "File watcher server"        daemon [_thread_in_native, id=10184, stack(0x0000005a8ae00000,0x0000005a8af00000) (1024K)]
  0x000001ad31fb4ff0 JavaThread "File watcher consumer"      daemon [_thread_blocked, id=7408, stack(0x0000005a8af00000,0x0000005a8b000000) (1024K)]
  0x000001ad31fb6a30 JavaThread "Cache worker for checksums cache (C:\Users\Joran Joshwa\AndroidStudioProjects\MyGameList\.gradle\8.11.1\checksums)"        [_thread_blocked, id=17740, stack(0x0000005a8b000000,0x0000005a8b100000) (1024K)]
  0x000001ad31fb2200 JavaThread "Cache worker for cache directory md-rule (C:\Users\Joran Joshwa\.gradle\caches\8.11.1\md-rule)"        [_thread_blocked, id=6800, stack(0x0000005a8b100000,0x0000005a8b200000) (1024K)]
  0x000001ad31fb1b70 JavaThread "Cache worker for cache directory md-supplier (C:\Users\Joran Joshwa\.gradle\caches\8.11.1\md-supplier)"        [_thread_blocked, id=16296, stack(0x0000005a8b200000,0x0000005a8b300000) (1024K)]
Total: 33

Other Threads:
  0x000001ad2bb6f1b0 VMThread "VM Thread"                           [id=11776, stack(0x0000005a88700000,0x0000005a88800000) (1024K)]
  0x000001ad2b9a9910 WatcherThread "VM Periodic Task Thread"        [id=3776, stack(0x0000005a88600000,0x0000005a88700000) (1024K)]
  0x000001ad13ee97a0 WorkerThread "GC Thread#0"                     [id=12108, stack(0x0000005a88100000,0x0000005a88200000) (1024K)]
  0x000001ad305f7420 WorkerThread "GC Thread#1"                     [id=12560, stack(0x0000005a89400000,0x0000005a89500000) (1024K)]
  0x000001ad30614900 WorkerThread "GC Thread#2"                     [id=11824, stack(0x0000005a89500000,0x0000005a89600000) (1024K)]
  0x000001ad30614ca0 WorkerThread "GC Thread#3"                     [id=11540, stack(0x0000005a89600000,0x0000005a89700000) (1024K)]
  0x000001ad309fdac0 WorkerThread "GC Thread#4"                     [id=14168, stack(0x0000005a89700000,0x0000005a89800000) (1024K)]
  0x000001ad3168f1a0 WorkerThread "GC Thread#5"                     [id=7016, stack(0x0000005a89300000,0x0000005a89400000) (1024K)]
  0x000001ad31cc6000 WorkerThread "GC Thread#6"                     [id=18184, stack(0x0000005a8a200000,0x0000005a8a300000) (1024K)]
  0x000001ad31cc67b0 WorkerThread "GC Thread#7"                     [id=12692, stack(0x0000005a8a300000,0x0000005a8a400000) (1024K)]
  0x000001ad31cc6f50 WorkerThread "GC Thread#8"                     [id=10728, stack(0x0000005a8a400000,0x0000005a8a500000) (1024K)]
  0x000001ad31cbacd0 WorkerThread "GC Thread#9"                     [id=2516, stack(0x0000005a8a500000,0x0000005a8a600000) (1024K)]
  0x000001ad13efa800 ConcurrentGCThread "G1 Main Marker"            [id=17508, stack(0x0000005a88200000,0x0000005a88300000) (1024K)]
  0x000001ad13efd9d0 WorkerThread "G1 Conc#0"                       [id=6632, stack(0x0000005a88300000,0x0000005a88400000) (1024K)]
  0x000001ad31df9910 WorkerThread "G1 Conc#1"                       [id=15528, stack(0x0000005a8a600000,0x0000005a8a700000) (1024K)]
  0x000001ad31df9570 WorkerThread "G1 Conc#2"                       [id=13980, stack(0x0000005a8a700000,0x0000005a8a800000) (1024K)]
  0x000001ad2b865a40 ConcurrentGCThread "G1 Refine#0"               [id=2700, stack(0x0000005a88400000,0x0000005a88500000) (1024K)]
  0x000001ad2b8663c0 ConcurrentGCThread "G1 Service"                [id=6380, stack(0x0000005a88500000,0x0000005a88600000) (1024K)]
Total: 18

Threads with active compile tasks:
C2 CompilerThread0  4447 4741       4       java.net.URLClassLoader$1::run (5 bytes)
C2 CompilerThread1  4447 4742   !   4       java.net.URLClassLoader$1::run (81 bytes)
Total: 2

VM state: not at safepoint (normal execution)

VM Mutex/Monitor currently owned by a thread:  ([mutex/lock_event])
[0x00007ff85b28e2a0] CodeCache_lock - owner thread: 0x000001ad31c6c630

Heap address: 0x0000000080000000, size: 2048 MB, Compressed Oops mode: 32-bit

CDS archive(s) not mapped
Compressed class space mapped at: 0x0000000100000000-0x0000000140000000, reserved size: 1073741824
Narrow klass base: 0x0000000000000000, Narrow klass shift: 3, Narrow klass range: 0x140000000

GC Precious Log:
 CardTable entry size: 512
 Card Set container configuration: InlinePtr #cards 5 size 8 Array Of Cards #cards 12 size 40 Howl #buckets 4 coarsen threshold 1843 Howl Bitmap #cards 512 size 80 coarsen threshold 460 Card regions per heap region 1 cards per card region 2048
 CPUs: 12 total, 12 available
 Memory: 12159M
 Large Page Support: Disabled
 NUMA Support: Disabled
 Compressed Oops: Enabled (32-bit)
 Heap Region Size: 1M
 Heap Min Capacity: 8M
 Heap Initial Capacity: 190M
 Heap Max Capacity: 2G
 Pre-touch: Disabled
 Parallel Workers: 10
 Concurrent Workers: 3
 Concurrent Refinement Workers: 10
 Periodic GC: Disabled

Heap:
 garbage-first heap   total 83968K, used 54167K [0x0000000080000000, 0x0000000100000000)
  region size 1024K, 23 young (23552K), 3 survivors (3072K)
 Metaspace       used 51818K, committed 53312K, reserved 1114112K
  class space    used 7069K, committed 7808K, reserved 1048576K

Heap Regions: E=young(eden), S=young(survivor), O=old, HS=humongous(starts), HC=humongous(continues), CS=collection set, F=free, TAMS=top-at-mark-start, PB=parsable bottom
|   0|0x0000000080000000, 0x0000000080100000, 0x0000000080100000|100%|HS|  |TAMS 0x0000000080000000| PB 0x0000000080000000| Complete 
|   1|0x0000000080100000, 0x0000000080200000, 0x0000000080200000|100%|HC|  |TAMS 0x0000000080100000| PB 0x0000000080100000| Complete 
|   2|0x0000000080200000, 0x0000000080300000, 0x0000000080300000|100%|HC|  |TAMS 0x0000000080200000| PB 0x0000000080200000| Complete 
|   3|0x0000000080300000, 0x0000000080400000, 0x0000000080400000|100%| O|  |TAMS 0x0000000080300000| PB 0x0000000080300000| Untracked 
|   4|0x0000000080400000, 0x0000000080500000, 0x0000000080500000|100%| O|  |TAMS 0x0000000080400000| PB 0x0000000080400000| Untracked 
|   5|0x0000000080500000, 0x0000000080600000, 0x0000000080600000|100%| O|  |TAMS 0x0000000080500000| PB 0x0000000080500000| Untracked 
|   6|0x0000000080600000, 0x0000000080700000, 0x0000000080700000|100%|HS|  |TAMS 0x0000000080600000| PB 0x0000000080600000| Complete 
|   7|0x0000000080700000, 0x0000000080800000, 0x0000000080800000|100%| O|  |TAMS 0x0000000080700000| PB 0x0000000080700000| Untracked 
|   8|0x0000000080800000, 0x0000000080900000, 0x0000000080900000|100%| O|  |TAMS 0x0000000080800000| PB 0x0000000080800000| Untracked 
|   9|0x0000000080900000, 0x0000000080a00000, 0x0000000080a00000|100%| O|  |TAMS 0x0000000080900000| PB 0x0000000080900000| Untracked 
|  10|0x0000000080a00000, 0x0000000080b00000, 0x0000000080b00000|100%| O|  |TAMS 0x0000000080a00000| PB 0x0000000080a00000| Untracked 
|  11|0x0000000080b00000, 0x0000000080c00000, 0x0000000080c00000|100%| O|  |TAMS 0x0000000080b00000| PB 0x0000000080b00000| Untracked 
|  12|0x0000000080c00000, 0x0000000080d00000, 0x0000000080d00000|100%| O|  |TAMS 0x0000000080c00000| PB 0x0000000080c00000| Untracked 
|  13|0x0000000080d00000, 0x0000000080e00000, 0x0000000080e00000|100%| O|  |TAMS 0x0000000080d00000| PB 0x0000000080d00000| Untracked 
|  14|0x0000000080e00000, 0x0000000080f00000, 0x0000000080f00000|100%| O|  |TAMS 0x0000000080e00000| PB 0x0000000080e00000| Untracked 
|  15|0x0000000080f00000, 0x0000000081000000, 0x0000000081000000|100%| O|  |TAMS 0x0000000080f00000| PB 0x0000000080f00000| Untracked 
|  16|0x0000000081000000, 0x0000000081100000, 0x0000000081100000|100%| O|  |TAMS 0x0000000081000000| PB 0x0000000081000000| Untracked 
|  17|0x0000000081100000, 0x0000000081200000, 0x0000000081200000|100%| O|  |TAMS 0x0000000081100000| PB 0x0000000081100000| Untracked 
|  18|0x0000000081200000, 0x0000000081300000, 0x0000000081300000|100%| O|  |TAMS 0x0000000081200000| PB 0x0000000081200000| Untracked 
|  19|0x0000000081300000, 0x0000000081400000, 0x0000000081400000|100%| O|  |TAMS 0x0000000081300000| PB 0x0000000081300000| Untracked 
|  20|0x0000000081400000, 0x0000000081500000, 0x0000000081500000|100%| O|  |TAMS 0x0000000081400000| PB 0x0000000081400000| Untracked 
|  21|0x0000000081500000, 0x0000000081500000, 0x0000000081600000|  0%| F|  |TAMS 0x0000000081500000| PB 0x0000000081500000| Untracked 
|  22|0x0000000081600000, 0x0000000081600000, 0x0000000081700000|  0%| F|  |TAMS 0x0000000081600000| PB 0x0000000081600000| Untracked 
|  23|0x0000000081700000, 0x0000000081800000, 0x0000000081800000|100%| O|  |TAMS 0x0000000081700000| PB 0x0000000081700000| Untracked 
|  24|0x0000000081800000, 0x0000000081900000, 0x0000000081900000|100%| O|  |TAMS 0x0000000081800000| PB 0x0000000081800000| Untracked 
|  25|0x0000000081900000, 0x0000000081a00000, 0x0000000081a00000|100%| O|  |TAMS 0x0000000081900000| PB 0x0000000081900000| Untracked 
|  26|0x0000000081a00000, 0x0000000081b00000, 0x0000000081b00000|100%| O|  |TAMS 0x0000000081a00000| PB 0x0000000081a00000| Untracked 
|  27|0x0000000081b00000, 0x0000000081be5da0, 0x0000000081c00000| 89%| O|  |TAMS 0x0000000081b00000| PB 0x0000000081b00000| Untracked 
|  28|0x0000000081c00000, 0x0000000081c00000, 0x0000000081d00000|  0%| F|  |TAMS 0x0000000081c00000| PB 0x0000000081c00000| Untracked 
|  29|0x0000000081d00000, 0x0000000081d00000, 0x0000000081e00000|  0%| F|  |TAMS 0x0000000081d00000| PB 0x0000000081d00000| Untracked 
|  30|0x0000000081e00000, 0x0000000081e00000, 0x0000000081f00000|  0%| F|  |TAMS 0x0000000081e00000| PB 0x0000000081e00000| Untracked 
|  31|0x0000000081f00000, 0x0000000081f00000, 0x0000000082000000|  0%| F|  |TAMS 0x0000000081f00000| PB 0x0000000081f00000| Untracked 
|  32|0x0000000082000000, 0x0000000082000000, 0x0000000082100000|  0%| F|  |TAMS 0x0000000082000000| PB 0x0000000082000000| Untracked 
|  33|0x0000000082100000, 0x0000000082100000, 0x0000000082200000|  0%| F|  |TAMS 0x0000000082100000| PB 0x0000000082100000| Untracked 
|  34|0x0000000082200000, 0x0000000082200000, 0x0000000082300000|  0%| F|  |TAMS 0x0000000082200000| PB 0x0000000082200000| Untracked 
|  35|0x0000000082300000, 0x0000000082300000, 0x0000000082400000|  0%| F|  |TAMS 0x0000000082300000| PB 0x0000000082300000| Untracked 
|  36|0x0000000082400000, 0x0000000082500000, 0x0000000082500000|100%| S|CS|TAMS 0x0000000082400000| PB 0x0000000082400000| Complete 
|  37|0x0000000082500000, 0x0000000082600000, 0x0000000082600000|100%| S|CS|TAMS 0x0000000082500000| PB 0x0000000082500000| Complete 
|  38|0x0000000082600000, 0x0000000082700000, 0x0000000082700000|100%| S|CS|TAMS 0x0000000082600000| PB 0x0000000082600000| Complete 
|  39|0x0000000082700000, 0x0000000082700000, 0x0000000082800000|  0%| F|  |TAMS 0x0000000082700000| PB 0x0000000082700000| Untracked 
|  40|0x0000000082800000, 0x0000000082800000, 0x0000000082900000|  0%| F|  |TAMS 0x0000000082800000| PB 0x0000000082800000| Untracked 
|  41|0x0000000082900000, 0x0000000082900000, 0x0000000082a00000|  0%| F|  |TAMS 0x0000000082900000| PB 0x0000000082900000| Untracked 
|  42|0x0000000082a00000, 0x0000000082a00000, 0x0000000082b00000|  0%| F|  |TAMS 0x0000000082a00000| PB 0x0000000082a00000| Untracked 
|  43|0x0000000082b00000, 0x0000000082b00000, 0x0000000082c00000|  0%| F|  |TAMS 0x0000000082b00000| PB 0x0000000082b00000| Untracked 
|  44|0x0000000082c00000, 0x0000000082c00000, 0x0000000082d00000|  0%| F|  |TAMS 0x0000000082c00000| PB 0x0000000082c00000| Untracked 
|  45|0x0000000082d00000, 0x0000000082d00000, 0x0000000082e00000|  0%| F|  |TAMS 0x0000000082d00000| PB 0x0000000082d00000| Untracked 
|  46|0x0000000082e00000, 0x0000000082e00000, 0x0000000082f00000|  0%| F|  |TAMS 0x0000000082e00000| PB 0x0000000082e00000| Untracked 
|  47|0x0000000082f00000, 0x0000000082f00000, 0x0000000083000000|  0%| F|  |TAMS 0x0000000082f00000| PB 0x0000000082f00000| Untracked 
|  48|0x0000000083000000, 0x0000000083000000, 0x0000000083100000|  0%| F|  |TAMS 0x0000000083000000| PB 0x0000000083000000| Untracked 
|  49|0x0000000083100000, 0x0000000083100000, 0x0000000083200000|  0%| F|  |TAMS 0x0000000083100000| PB 0x0000000083100000| Untracked 
|  50|0x0000000083200000, 0x0000000083200000, 0x0000000083300000|  0%| F|  |TAMS 0x0000000083200000| PB 0x0000000083200000| Untracked 
|  51|0x0000000083300000, 0x0000000083300000, 0x0000000083400000|  0%| F|  |TAMS 0x0000000083300000| PB 0x0000000083300000| Untracked 
|  52|0x0000000083400000, 0x0000000083400000, 0x0000000083500000|  0%| F|  |TAMS 0x0000000083400000| PB 0x0000000083400000| Untracked 
|  53|0x0000000083500000, 0x0000000083500000, 0x0000000083600000|  0%| F|  |TAMS 0x0000000083500000| PB 0x0000000083500000| Untracked 
|  54|0x0000000083600000, 0x0000000083600000, 0x0000000083700000|  0%| F|  |TAMS 0x0000000083600000| PB 0x0000000083600000| Untracked 
|  55|0x0000000083700000, 0x0000000083700000, 0x0000000083800000|  0%| F|  |TAMS 0x0000000083700000| PB 0x0000000083700000| Untracked 
|  56|0x0000000083800000, 0x0000000083800000, 0x0000000083900000|  0%| F|  |TAMS 0x0000000083800000| PB 0x0000000083800000| Untracked 
|  57|0x0000000083900000, 0x0000000083a00000, 0x0000000083a00000|100%| E|  |TAMS 0x0000000083900000| PB 0x0000000083900000| Complete 
|  58|0x0000000083a00000, 0x0000000083b00000, 0x0000000083b00000|100%| E|CS|TAMS 0x0000000083a00000| PB 0x0000000083a00000| Complete 
|  59|0x0000000083b00000, 0x0000000083c00000, 0x0000000083c00000|100%| E|CS|TAMS 0x0000000083b00000| PB 0x0000000083b00000| Complete 
|  60|0x0000000083c00000, 0x0000000083d00000, 0x0000000083d00000|100%| E|CS|TAMS 0x0000000083c00000| PB 0x0000000083c00000| Complete 
|  61|0x0000000083d00000, 0x0000000083e00000, 0x0000000083e00000|100%| E|CS|TAMS 0x0000000083d00000| PB 0x0000000083d00000| Complete 
|  62|0x0000000083e00000, 0x0000000083f00000, 0x0000000083f00000|100%| E|CS|TAMS 0x0000000083e00000| PB 0x0000000083e00000| Complete 
|  63|0x0000000083f00000, 0x0000000084000000, 0x0000000084000000|100%| E|CS|TAMS 0x0000000083f00000| PB 0x0000000083f00000| Complete 
|  64|0x0000000084000000, 0x0000000084100000, 0x0000000084100000|100%| E|CS|TAMS 0x0000000084000000| PB 0x0000000084000000| Complete 
|  65|0x0000000084100000, 0x0000000084200000, 0x0000000084200000|100%| E|CS|TAMS 0x0000000084100000| PB 0x0000000084100000| Complete 
|  66|0x0000000084200000, 0x0000000084300000, 0x0000000084300000|100%| E|CS|TAMS 0x0000000084200000| PB 0x0000000084200000| Complete 
| 154|0x0000000089a00000, 0x0000000089b00000, 0x0000000089b00000|100%| E|CS|TAMS 0x0000000089a00000| PB 0x0000000089a00000| Complete 
| 155|0x0000000089b00000, 0x0000000089c00000, 0x0000000089c00000|100%| E|CS|TAMS 0x0000000089b00000| PB 0x0000000089b00000| Complete 
| 156|0x0000000089c00000, 0x0000000089d00000, 0x0000000089d00000|100%| E|CS|TAMS 0x0000000089c00000| PB 0x0000000089c00000| Complete 
| 157|0x0000000089d00000, 0x0000000089e00000, 0x0000000089e00000|100%| E|CS|TAMS 0x0000000089d00000| PB 0x0000000089d00000| Complete 
| 158|0x0000000089e00000, 0x0000000089f00000, 0x0000000089f00000|100%| E|CS|TAMS 0x0000000089e00000| PB 0x0000000089e00000| Complete 
| 159|0x0000000089f00000, 0x000000008a000000, 0x000000008a000000|100%| E|CS|TAMS 0x0000000089f00000| PB 0x0000000089f00000| Complete 
| 160|0x000000008a000000, 0x000000008a100000, 0x000000008a100000|100%| E|CS|TAMS 0x000000008a000000| PB 0x000000008a000000| Complete 
| 161|0x000000008a100000, 0x000000008a200000, 0x000000008a200000|100%| E|CS|TAMS 0x000000008a100000| PB 0x000000008a100000| Complete 
| 162|0x000000008a200000, 0x000000008a300000, 0x000000008a300000|100%| E|CS|TAMS 0x000000008a200000| PB 0x000000008a200000| Complete 
| 189|0x000000008bd00000, 0x000000008be00000, 0x000000008be00000|100%| E|CS|TAMS 0x000000008bd00000| PB 0x000000008bd00000| Complete 
|2043|0x00000000ffb00000, 0x00000000ffc00000, 0x00000000ffc00000|100%| O|  |TAMS 0x00000000ffb00000| PB 0x00000000ffb00000| Untracked 
|2044|0x00000000ffc00000, 0x00000000ffd00000, 0x00000000ffd00000|100%| O|  |TAMS 0x00000000ffc00000| PB 0x00000000ffc00000| Untracked 
|2045|0x00000000ffd00000, 0x00000000ffe00000, 0x00000000ffe00000|100%| O|  |TAMS 0x00000000ffd00000| PB 0x00000000ffd00000| Untracked 
|2046|0x00000000ffe00000, 0x00000000fff00000, 0x00000000fff00000|100%| O|  |TAMS 0x00000000ffe00000| PB 0x00000000ffe00000| Untracked 
|2047|0x00000000fff00000, 0x0000000100000000, 0x0000000100000000|100%| O|  |TAMS 0x00000000fff00000| PB 0x00000000fff00000| Untracked 

Card table byte_map: [0x000001ad26940000,0x000001ad26d40000] _byte_map_base: 0x000001ad26540000

Marking Bits: (CMBitMap*) 0x000001ad13ee9db0
 Bits: [0x000001ad26d40000, 0x000001ad28d40000)

Polling page: 0x000001ad11d50000

Metaspace:

Usage:
  Non-class:     43.70 MB used.
      Class:      6.90 MB used.
       Both:     50.61 MB used.

Virtual space:
  Non-class space:       64.00 MB reserved,      44.44 MB ( 69%) committed,  1 nodes.
      Class space:        1.00 GB reserved,       7.62 MB ( <1%) committed,  1 nodes.
             Both:        1.06 GB reserved,      52.06 MB (  5%) committed. 

Chunk freelists:
   Non-Class:  2.97 MB
       Class:  8.22 MB
        Both:  11.19 MB

MaxMetaspaceSize: unlimited
CompressedClassSpaceSize: 1.00 GB
Initial GC threshold: 21.00 MB
Current GC threshold: 59.00 MB
CDS: off
 - commit_granule_bytes: 65536.
 - commit_granule_words: 8192.
 - virtual_space_node_default_size: 8388608.
 - enlarge_chunks_in_place: 1.
 - use_allocation_guard: 0.


Internal statistics:

num_allocs_failed_limit: 6.
num_arena_births: 2644.
num_arena_deaths: 0.
num_vsnodes_births: 2.
num_vsnodes_deaths: 0.
num_space_committed: 833.
num_space_uncommitted: 0.
num_chunks_returned_to_freelist: 6.
num_chunks_taken_from_freelist: 4662.
num_chunk_merges: 6.
num_chunk_splits: 3001.
num_chunks_enlarged: 1837.
num_inconsistent_stats: 0.

CodeHeap 'non-profiled nmethods': size=120000Kb used=2661Kb max_used=2661Kb free=117339Kb
 bounds [0x000001ad1eac0000, 0x000001ad1ed60000, 0x000001ad25ff0000]
CodeHeap 'profiled nmethods': size=120000Kb used=8301Kb max_used=8301Kb free=111698Kb
 bounds [0x000001ad16ff0000, 0x000001ad17810000, 0x000001ad1e520000]
CodeHeap 'non-nmethods': size=5760Kb used=1910Kb max_used=1938Kb free=3849Kb
 bounds [0x000001ad1e520000, 0x000001ad1e790000, 0x000001ad1eac0000]
 total_blobs=5080 nmethods=4378 adapters=605
 compilation: enabled
              stopped_count=0, restarted_count=0
 full_count=0

Compilation events (20 events):
Event: 4.391 Thread 0x000001ad2bbc8b00 4770       3       org.objectweb.asm.Handle::hashCode (43 bytes)
Event: 4.391 Thread 0x000001ad2bbc8b00 nmethod 4770 0x000001ad17803d10 code [0x000001ad17803ee0, 0x000001ad17804110]
Event: 4.394 Thread 0x000001ad2bbc8b00 4771       3       java.util.TreeMap::getFirstEntry (26 bytes)
Event: 4.394 Thread 0x000001ad2bbc8b00 nmethod 4771 0x000001ad17804290 code [0x000001ad17804440, 0x000001ad17804628]
Event: 4.394 Thread 0x000001ad2bbc8b00 4772       3       java.util.TreeMap$PrivateEntryIterator::<init> (28 bytes)
Event: 4.394 Thread 0x000001ad2bbc8b00 nmethod 4772 0x000001ad17804710 code [0x000001ad178048c0, 0x000001ad17804b20]
Event: 4.394 Thread 0x000001ad2bbc8b00 4774       3       org.gradle.internal.instantiation.generator.AsmBackedClassGenerator$ClassBuilderImpl::access$1600 (4 bytes)
Event: 4.394 Thread 0x000001ad2bbc8b00 nmethod 4774 0x000001ad17804c10 code [0x000001ad17804da0, 0x000001ad17804e98]
Event: 4.394 Thread 0x000001ad2bbc8b00 4773       1       org.gradle.internal.instantiation.generator.AbstractClassGenerator$PropertyMetadata::access$1300 (5 bytes)
Event: 4.394 Thread 0x000001ad2bbc8b00 nmethod 4773 0x000001ad1ed58b10 code [0x000001ad1ed58ca0, 0x000001ad1ed58d50]
Event: 4.397 Thread 0x000001ad2bbc8b00 4775       3       java.lang.invoke.MethodHandles::identity (87 bytes)
Event: 4.398 Thread 0x000001ad2bbc8b00 nmethod 4775 0x000001ad17804f10 code [0x000001ad17805120, 0x000001ad17805538]
Event: 4.398 Thread 0x000001ad2bbc8b00 4776       3       java.lang.invoke.SimpleMethodHandle::make (10 bytes)
Event: 4.398 Thread 0x000001ad2bbc8b00 nmethod 4776 0x000001ad17805710 code [0x000001ad178058c0, 0x000001ad17805aa8]
Event: 4.398 Thread 0x000001ad2bbc8b00 4777       3       java.lang.invoke.SimpleMethodHandle::<init> (7 bytes)
Event: 4.398 Thread 0x000001ad2bbc8b00 nmethod 4777 0x000001ad17805b90 code [0x000001ad17805d40, 0x000001ad17805f00]
Event: 4.400 Thread 0x000001ad2bbc8b00 4778       3       java.lang.invoke.MethodHandles::constant (88 bytes)
Event: 4.401 Thread 0x000001ad2bbc8b00 nmethod 4778 0x000001ad17806010 code [0x000001ad17806320, 0x000001ad17807200]
Event: 4.401 Thread 0x000001ad2bbc8b00 4779       3       java.lang.invoke.SimpleMethodHandle::speciesData (4 bytes)
Event: 4.401 Thread 0x000001ad2bbc8b00 nmethod 4779 0x000001ad17807710 code [0x000001ad178078a0, 0x000001ad178079b8]

GC Heap History (20 events):
Event: 0.313 GC heap before
{Heap before GC invocations=0 (full 0):
 garbage-first heap   total 194560K, used 23552K [0x0000000080000000, 0x0000000100000000)
  region size 1024K, 23 young (23552K), 0 survivors (0K)
 Metaspace       used 8039K, committed 8192K, reserved 1114112K
  class space    used 716K, committed 768K, reserved 1048576K
}
Event: 0.315 GC heap after
{Heap after GC invocations=1 (full 0):
 garbage-first heap   total 194560K, used 2688K [0x0000000080000000, 0x0000000100000000)
  region size 1024K, 3 young (3072K), 3 survivors (3072K)
 Metaspace       used 8039K, committed 8192K, reserved 1114112K
  class space    used 716K, committed 768K, reserved 1048576K
}
Event: 0.656 GC heap before
{Heap before GC invocations=1 (full 0):
 garbage-first heap   total 194560K, used 40576K [0x0000000080000000, 0x0000000100000000)
  region size 1024K, 38 young (38912K), 3 survivors (3072K)
 Metaspace       used 12210K, committed 12416K, reserved 1114112K
  class space    used 1278K, committed 1408K, reserved 1048576K
}
Event: 0.659 GC heap after
{Heap after GC invocations=2 (full 0):
 garbage-first heap   total 194560K, used 10552K [0x0000000080000000, 0x0000000100000000)
  region size 1024K, 5 young (5120K), 5 survivors (5120K)
 Metaspace       used 12210K, committed 12416K, reserved 1114112K
  class space    used 1278K, committed 1408K, reserved 1048576K
}
Event: 1.148 GC heap before
{Heap before GC invocations=2 (full 0):
 garbage-first heap   total 194560K, used 61752K [0x0000000080000000, 0x0000000100000000)
  region size 1024K, 53 young (54272K), 5 survivors (5120K)
 Metaspace       used 13182K, committed 13440K, reserved 1114112K
  class space    used 1447K, committed 1600K, reserved 1048576K
}
Event: 1.153 GC heap after
{Heap after GC invocations=3 (full 0):
 garbage-first heap   total 194560K, used 16496K [0x0000000080000000, 0x0000000100000000)
  region size 1024K, 5 young (5120K), 5 survivors (5120K)
 Metaspace       used 13182K, committed 13440K, reserved 1114112K
  class space    used 1447K, committed 1600K, reserved 1048576K
}
Event: 1.602 GC heap before
{Heap before GC invocations=3 (full 0):
 garbage-first heap   total 194560K, used 43120K [0x0000000080000000, 0x0000000100000000)
  region size 1024K, 32 young (32768K), 5 survivors (5120K)
 Metaspace       used 21195K, committed 21504K, reserved 1114112K
  class space    used 2441K, committed 2624K, reserved 1048576K
}
Event: 1.605 GC heap after
{Heap after GC invocations=4 (full 0):
 garbage-first heap   total 194560K, used 20050K [0x0000000080000000, 0x0000000100000000)
  region size 1024K, 9 young (9216K), 9 survivors (9216K)
 Metaspace       used 21195K, committed 21504K, reserved 1114112K
  class space    used 2441K, committed 2624K, reserved 1048576K
}
Event: 2.161 GC heap before
{Heap before GC invocations=5 (full 0):
 garbage-first heap   total 71680K, used 69202K [0x0000000080000000, 0x0000000100000000)
  region size 1024K, 58 young (59392K), 9 survivors (9216K)
 Metaspace       used 29333K, committed 29952K, reserved 1114112K
  class space    used 3734K, committed 4032K, reserved 1048576K
}
Event: 2.166 GC heap after
{Heap after GC invocations=6 (full 0):
 garbage-first heap   total 83968K, used 22623K [0x0000000080000000, 0x0000000100000000)
  region size 1024K, 7 young (7168K), 7 survivors (7168K)
 Metaspace       used 29333K, committed 29952K, reserved 1114112K
  class space    used 3734K, committed 4032K, reserved 1048576K
}
Event: 2.665 GC heap before
{Heap before GC invocations=6 (full 0):
 garbage-first heap   total 83968K, used 64607K [0x0000000080000000, 0x0000000100000000)
  region size 1024K, 49 young (50176K), 7 survivors (7168K)
 Metaspace       used 34936K, committed 35776K, reserved 1114112K
  class space    used 4651K, committed 5056K, reserved 1048576K
}
Event: 2.669 GC heap after
{Heap after GC invocations=7 (full 0):
 garbage-first heap   total 83968K, used 25374K [0x0000000080000000, 0x0000000100000000)
  region size 1024K, 6 young (6144K), 6 survivors (6144K)
 Metaspace       used 34936K, committed 35776K, reserved 1114112K
  class space    used 4651K, committed 5056K, reserved 1048576K
}
Event: 2.706 GC heap before
{Heap before GC invocations=7 (full 0):
 garbage-first heap   total 83968K, used 28446K [0x0000000080000000, 0x0000000100000000)
  region size 1024K, 10 young (10240K), 6 survivors (6144K)
 Metaspace       used 35299K, committed 36096K, reserved 1114112K
  class space    used 4722K, committed 5120K, reserved 1048576K
}
Event: 2.709 GC heap after
{Heap after GC invocations=8 (full 0):
 garbage-first heap   total 83968K, used 25645K [0x0000000080000000, 0x0000000100000000)
  region size 1024K, 4 young (4096K), 4 survivors (4096K)
 Metaspace       used 35299K, committed 36096K, reserved 1114112K
  class space    used 4722K, committed 5120K, reserved 1048576K
}
Event: 3.286 GC heap before
{Heap before GC invocations=9 (full 0):
 garbage-first heap   total 83968K, used 69677K [0x0000000080000000, 0x0000000100000000)
  region size 1024K, 48 young (49152K), 4 survivors (4096K)
 Metaspace       used 41787K, committed 43008K, reserved 1114112K
  class space    used 5658K, committed 6272K, reserved 1048576K
}
Event: 3.288 GC heap after
{Heap after GC invocations=10 (full 0):
 garbage-first heap   total 83968K, used 28472K [0x0000000080000000, 0x0000000100000000)
  region size 1024K, 6 young (6144K), 6 survivors (6144K)
 Metaspace       used 41787K, committed 43008K, reserved 1114112K
  class space    used 5658K, committed 6272K, reserved 1048576K
}
Event: 3.778 GC heap before
{Heap before GC invocations=10 (full 0):
 garbage-first heap   total 83968K, used 71480K [0x0000000080000000, 0x0000000100000000)
  region size 1024K, 49 young (50176K), 6 survivors (6144K)
 Metaspace       used 46612K, committed 47808K, reserved 1114112K
  class space    used 6215K, committed 6848K, reserved 1048576K
}
Event: 3.782 GC heap after
{Heap after GC invocations=11 (full 0):
 garbage-first heap   total 83968K, used 32131K [0x0000000080000000, 0x0000000100000000)
  region size 1024K, 7 young (7168K), 7 survivors (7168K)
 Metaspace       used 46612K, committed 47808K, reserved 1114112K
  class space    used 6215K, committed 6848K, reserved 1048576K
}
Event: 4.051 GC heap before
{Heap before GC invocations=11 (full 0):
 garbage-first heap   total 83968K, used 71043K [0x0000000080000000, 0x0000000100000000)
  region size 1024K, 45 young (46080K), 7 survivors (7168K)
 Metaspace       used 49234K, committed 50624K, reserved 1114112K
  class space    used 6636K, committed 7296K, reserved 1048576K
}
Event: 4.054 GC heap after
{Heap after GC invocations=12 (full 0):
 garbage-first heap   total 83968K, used 34711K [0x0000000080000000, 0x0000000100000000)
  region size 1024K, 3 young (3072K), 3 survivors (3072K)
 Metaspace       used 49234K, committed 50624K, reserved 1114112K
  class space    used 6636K, committed 7296K, reserved 1048576K
}

Dll operation events (3 events):
Event: 0.006 Loaded shared library C:\Program Files\Android\Android Studio\jbr\bin\java.dll
Event: 0.011 Loaded shared library C:\Program Files\Android\Android Studio\jbr\bin\zip.dll
Event: 0.352 Loaded shared library C:\Program Files\Android\Android Studio\jbr\bin\verify.dll

Deoptimization events (20 events):
Event: 4.117 Thread 0x000001ad31c6c630 Uncommon trap: trap_request=0xffffffde fr.pc=0x000001ad1ed0d8a0 relative=0x0000000000000200
Event: 4.117 Thread 0x000001ad31c6c630 Uncommon trap: reason=class_check action=maybe_recompile pc=0x000001ad1ed0d8a0 method=jdk.internal.loader.URLClassPath.getResource(Ljava/lang/String;Z)Ljdk/internal/loader/Resource; @ 53 c2
Event: 4.117 Thread 0x000001ad31c6c630 DEOPT PACKING pc=0x000001ad1ed0d8a0 sp=0x0000005a89ef9820
Event: 4.117 Thread 0x000001ad31c6c630 DEOPT UNPACKING pc=0x000001ad1e5746a2 sp=0x0000005a89ef97b0 mode 2
Event: 4.142 Thread 0x000001ad31c6c630 Uncommon trap: trap_request=0xffffffde fr.pc=0x000001ad1eb79c60 relative=0x0000000000000860
Event: 4.142 Thread 0x000001ad31c6c630 Uncommon trap: reason=class_check action=maybe_recompile pc=0x000001ad1eb79c60 method=jdk.internal.loader.URLClassPath.getLoader(I)Ljdk/internal/loader/URLClassPath$Loader; @ 190 c2
Event: 4.142 Thread 0x000001ad31c6c630 DEOPT PACKING pc=0x000001ad1eb79c60 sp=0x0000005a89ef9330
Event: 4.142 Thread 0x000001ad31c6c630 DEOPT UNPACKING pc=0x000001ad1e5746a2 sp=0x0000005a89ef92f0 mode 2
Event: 4.142 Thread 0x000001ad31c6c630 Uncommon trap: trap_request=0xffffffde fr.pc=0x000001ad1ed0d8a0 relative=0x0000000000000200
Event: 4.142 Thread 0x000001ad31c6c630 Uncommon trap: reason=class_check action=maybe_recompile pc=0x000001ad1ed0d8a0 method=jdk.internal.loader.URLClassPath.getResource(Ljava/lang/String;Z)Ljdk/internal/loader/Resource; @ 53 c2
Event: 4.142 Thread 0x000001ad31c6c630 DEOPT PACKING pc=0x000001ad1ed0d8a0 sp=0x0000005a89ef93c0
Event: 4.142 Thread 0x000001ad31c6c630 DEOPT UNPACKING pc=0x000001ad1e5746a2 sp=0x0000005a89ef9350 mode 2
Event: 4.147 Thread 0x000001ad31c6c630 Uncommon trap: trap_request=0xffffffde fr.pc=0x000001ad1eb79c60 relative=0x0000000000000860
Event: 4.147 Thread 0x000001ad31c6c630 Uncommon trap: reason=class_check action=maybe_recompile pc=0x000001ad1eb79c60 method=jdk.internal.loader.URLClassPath.getLoader(I)Ljdk/internal/loader/URLClassPath$Loader; @ 190 c2
Event: 4.147 Thread 0x000001ad31c6c630 DEOPT PACKING pc=0x000001ad1eb79c60 sp=0x0000005a89ef9200
Event: 4.147 Thread 0x000001ad31c6c630 DEOPT UNPACKING pc=0x000001ad1e5746a2 sp=0x0000005a89ef91c0 mode 2
Event: 4.147 Thread 0x000001ad31c6c630 Uncommon trap: trap_request=0xffffffde fr.pc=0x000001ad1ed0d8a0 relative=0x0000000000000200
Event: 4.147 Thread 0x000001ad31c6c630 Uncommon trap: reason=class_check action=maybe_recompile pc=0x000001ad1ed0d8a0 method=jdk.internal.loader.URLClassPath.getResource(Ljava/lang/String;Z)Ljdk/internal/loader/Resource; @ 53 c2
Event: 4.147 Thread 0x000001ad31c6c630 DEOPT PACKING pc=0x000001ad1ed0d8a0 sp=0x0000005a89ef9290
Event: 4.147 Thread 0x000001ad31c6c630 DEOPT UNPACKING pc=0x000001ad1e5746a2 sp=0x0000005a89ef9220 mode 2

Classes loaded (20 events):
Event: 3.924 Loading class java/util/stream/Streams$RangeIntSpliterator
Event: 3.924 Loading class java/util/stream/Streams$RangeIntSpliterator done
Event: 3.935 Loading class jdk/internal/loader/URLClassPath$FileLoader
Event: 3.935 Loading class jdk/internal/loader/URLClassPath$FileLoader done
Event: 3.936 Loading class jdk/internal/loader/URLClassPath$FileLoader$1
Event: 3.936 Loading class jdk/internal/loader/URLClassPath$FileLoader$1 done
Event: 4.109 Loading class java/util/PrimitiveIterator$OfInt
Event: 4.109 Loading class java/util/PrimitiveIterator
Event: 4.109 Loading class java/util/PrimitiveIterator done
Event: 4.109 Loading class java/util/PrimitiveIterator$OfInt done
Event: 4.111 Loading class java/util/concurrent/RecursiveAction
Event: 4.111 Loading class java/util/concurrent/RecursiveAction done
Event: 4.137 Loading class java/util/concurrent/atomic/AtomicReferenceFieldUpdater
Event: 4.137 Loading class java/util/concurrent/atomic/AtomicReferenceFieldUpdater done
Event: 4.137 Loading class java/util/concurrent/atomic/AtomicReferenceFieldUpdater$AtomicReferenceFieldUpdaterImpl
Event: 4.137 Loading class java/util/concurrent/atomic/AtomicReferenceFieldUpdater$AtomicReferenceFieldUpdaterImpl done
Event: 4.137 Loading class java/util/concurrent/atomic/AtomicReferenceFieldUpdater$AtomicReferenceFieldUpdaterImpl$1
Event: 4.137 Loading class java/util/concurrent/atomic/AtomicReferenceFieldUpdater$AtomicReferenceFieldUpdaterImpl$1 done
Event: 4.304 Loading class java/lang/StringIndexOutOfBoundsException
Event: 4.304 Loading class java/lang/StringIndexOutOfBoundsException done

Classes unloaded (0 events):
No events

Classes redefined (0 events):
No events

Internal exceptions (20 events):
Event: 3.855 Thread 0x000001ad31c6c630 Exception <a 'java/lang/NoSuchMethodError'{0x0000000083674078}: 'int java.lang.invoke.DirectMethodHandle$Holder.invokeInterface(java.lang.Object, java.lang.Object)'> (0x0000000083674078) 
thrown [s\src\hotspot\share\interpreter\linkResolver.cpp, line 784]
Event: 3.923 Thread 0x000001ad31c6c630 Exception <a 'java/lang/NoSuchMethodError'{0x0000000083202858}: 'java.lang.Object java.lang.invoke.DirectMethodHandle$Holder.invokeVirtual(java.lang.Object, java.lang.Object, int)'> (0x0000000083202858) 
thrown [s\src\hotspot\share\interpreter\linkResolver.cpp, line 784]
Event: 3.933 Thread 0x000001ad31c6c630 Exception <a 'java/lang/NoSuchMethodError'{0x00000000832e5290}: 'void java.lang.invoke.DirectMethodHandle$Holder.invokeInterface(java.lang.Object, java.lang.Object, java.lang.Object, java.lang.Object, java.lang.Object, java.lang.Object, java.lang.Object)'> (0x00000000832e5290) 
thrown [s\src\hotspot\share\interpreter\linkResolver.cpp, line 784]
Event: 3.933 Thread 0x000001ad31c6c630 Exception <a 'java/lang/NoSuchMethodError'{0x00000000832e9ba8}: 'void java.lang.invoke.DelegatingMethodHandle$Holder.reinvoke_L(java.lang.Object, java.lang.Object, java.lang.Object, java.lang.Object, java.lang.Object, java.lang.Object, java.lang.Object)'> (0x00000000832e9ba8) 
thrown [s\src\hotspot\share\interpreter\linkResolver.cpp, line 784]
Event: 3.944 Thread 0x000001ad31c6c630 Exception <a 'java/lang/NoSuchMethodError'{0x00000000831fc898}: 'java.lang.Object java.lang.invoke.DirectMethodHandle$Holder.invokeVirtual(java.lang.Object, java.lang.Object, java.lang.Object, java.lang.Object, java.lang.Object, java.lang.Object, java.lang.Object, java.lang.Object, java.lang.Object, java.lang.Object, java.lang.Object, java.lang.Object, java.lang.Object, java.lang.Object, java.lang.Object)'> (0x00000000831fc898) 
thrown [s\src\hotspot\share\interpreter\linkResolver.cpp, line 784]
Event: 3.949 Thread 0x000001ad31c6c630 Exception <a 'java/lang/NoSuchMethodError'{0x00000000830d2fe0}: 'java.lang.Object java.lang.invoke.DirectMethodHandle$Holder.newInvokeSpecial(java.lang.Object, java.lang.Object, java.lang.Object, java.lang.Object, java.lang.Object, java.lang.Object, java.lang.Object, java.lang.Object, java.lang.Object, java.lang.Object, java.lang.Object, java.lang.Object, java.lang.Object)'> (0x00000000830d2fe0) 
thrown [s\src\hotspot\share\interpreter\linkResolver.cpp, line 784]
Event: 3.979 Thread 0x000001ad31c6c630 Exception <a 'java/lang/NoSuchMethodError'{0x0000000082c1cbb8}: 'java.lang.Object java.lang.invoke.DirectMethodHandle$Holder.newInvokeSpecial(java.lang.Object, java.lang.Object, java.lang.Object, java.lang.Object, int)'> (0x0000000082c1cbb8) 
thrown [s\src\hotspot\share\interpreter\linkResolver.cpp, line 784]
Event: 3.979 Thread 0x000001ad31c6c630 Exception <a 'java/lang/NoSuchMethodError'{0x0000000082c21bb0}: 'java.lang.Object java.lang.invoke.DirectMethodHandle$Holder.invokeSpecial(java.lang.Object, java.lang.Object, java.lang.Object, java.lang.Object, java.lang.Object, int)'> (0x0000000082c21bb0) 
thrown [s\src\hotspot\share\interpreter\linkResolver.cpp, line 784]
Event: 3.979 Thread 0x000001ad31c6c630 Exception <a 'java/lang/NoSuchMethodError'{0x0000000082c26330}: 'java.lang.Object java.lang.invoke.Invokers$Holder.linkToTargetMethod(java.lang.Object, java.lang.Object, java.lang.Object, int, java.lang.Object)'> (0x0000000082c26330) 
thrown [s\src\hotspot\share\interpreter\linkResolver.cpp, line 784]
Event: 4.006 Thread 0x000001ad31c6c630 Exception <a 'java/lang/NoSuchMethodError'{0x0000000082a4cf40}: 'int java.lang.invoke.DirectMethodHandle$Holder.invokeInterface(java.lang.Object, java.lang.Object, java.lang.Object, java.lang.Object)'> (0x0000000082a4cf40) 
thrown [s\src\hotspot\share\interpreter\linkResolver.cpp, line 784]
Event: 4.035 Thread 0x000001ad31c6c630 Exception <a 'java/lang/NoSuchMethodError'{0x00000000828a1f98}: 'java.lang.Object java.lang.invoke.DirectMethodHandle$Holder.invokeStatic(java.lang.Object, long, java.lang.Object)'> (0x00000000828a1f98) 
thrown [s\src\hotspot\share\interpreter\linkResolver.cpp, line 784]
Event: 4.035 Thread 0x000001ad31c6c630 Exception <a 'java/lang/NoSuchMethodError'{0x00000000828a9240}: 'java.lang.Object java.lang.invoke.DirectMethodHandle$Holder.newInvokeSpecial(java.lang.Object, long)'> (0x00000000828a9240) 
thrown [s\src\hotspot\share\interpreter\linkResolver.cpp, line 784]
Event: 4.040 Thread 0x000001ad31c6c630 Exception <a 'java/lang/NoSuchMethodError'{0x0000000082712958}: 'java.lang.Object java.lang.invoke.Invokers$Holder.linkToTargetMethod(java.lang.Object, java.lang.Object, java.lang.Object, java.lang.Object, long, java.lang.Object, java.lang.Object)'> (0x0000000082712958) 
thrown [s\src\hotspot\share\interpreter\linkResolver.cpp, line 784]
Event: 4.043 Thread 0x000001ad31c6c630 Exception <a 'java/lang/NoSuchMethodError'{0x000000008275be60}: 'java.lang.Object java.lang.invoke.DirectMethodHandle$Holder.invokeSpecial(java.lang.Object, java.lang.Object, java.lang.Object, java.lang.Object, long, java.lang.Object)'> (0x000000008275be60) 
thrown [s\src\hotspot\share\interpreter\linkResolver.cpp, line 784]
Event: 4.043 Thread 0x000001ad31c6c630 Exception <a 'java/lang/NoSuchMethodError'{0x0000000082760130}: 'java.lang.Object java.lang.invoke.Invokers$Holder.linkToTargetMethod(java.lang.Object, java.lang.Object, long, java.lang.Object, java.lang.Object)'> (0x0000000082760130) 
thrown [s\src\hotspot\share\interpreter\linkResolver.cpp, line 784]
Event: 4.073 Thread 0x000001ad31c6c630 Exception <a 'java/lang/NoSuchMethodError'{0x000000008a2d5c80}: 'java.lang.Object java.lang.invoke.DirectMethodHandle$Holder.newInvokeSpecial(java.lang.Object, java.lang.Object, java.lang.Object, java.lang.Object, java.lang.Object, java.lang.Object, java.lang.Object, java.lang.Object, java.lang.Object, java.lang.Object, java.lang.Object, java.lang.Object, java.lang.Object, java.lang.Object, java.lang.Object, java.lang.Object, java.lang.Object, java.lang.Object, java.lang.Object, java.lang.Object, java.lang
Event: 4.105 Thread 0x000001ad31c6c630 Implicit null exception at 0x000001ad1eb4567c to 0x000001ad1eb4572c
Event: 4.185 Thread 0x000001ad31c6c630 Exception <a 'java/lang/IncompatibleClassChangeError'{0x00000000840849c0}: Found class java.lang.Object, but interface was expected> (0x00000000840849c0) 
thrown [s\src\hotspot\share\interpreter\linkResolver.cpp, line 851]
Event: 4.270 Thread 0x000001ad31c6c630 Exception <a 'java/lang/NoSuchMethodError'{0x0000000083dcb7e8}: 'java.lang.Object java.lang.invoke.DirectMethodHandle$Holder.newInvokeSpecial(java.lang.Object, int, java.lang.Object)'> (0x0000000083dcb7e8) 
thrown [s\src\hotspot\share\interpreter\linkResolver.cpp, line 784]
Event: 4.390 Thread 0x000001ad31c6c630 Exception <a 'java/lang/NoSuchMethodError'{0x0000000083a0a660}: 'java.lang.Object java.lang.invoke.DirectMethodHandle$Holder.invokeSpecial(java.lang.Object, java.lang.Object, long, java.lang.Object, java.lang.Object)'> (0x0000000083a0a660) 
thrown [s\src\hotspot\share\interpreter\linkResolver.cpp, line 784]

ZGC Phase Switch (0 events):
No events

VM Operations (20 events):
Event: 3.482 Executing VM operation: HandshakeAllThreads (Deoptimize)
Event: 3.482 Executing VM operation: HandshakeAllThreads (Deoptimize) done
Event: 3.486 Executing VM operation: HandshakeAllThreads (Deoptimize)
Event: 3.486 Executing VM operation: HandshakeAllThreads (Deoptimize) done
Event: 3.551 Executing VM operation: HandshakeAllThreads (Deoptimize)
Event: 3.551 Executing VM operation: HandshakeAllThreads (Deoptimize) done
Event: 3.662 Executing VM operation: ICBufferFull
Event: 3.663 Executing VM operation: ICBufferFull done
Event: 3.777 Executing VM operation: G1CollectForAllocation (G1 Evacuation Pause)
Event: 3.782 Executing VM operation: G1CollectForAllocation (G1 Evacuation Pause) done
Event: 3.829 Executing VM operation: HandshakeAllThreads (Deoptimize)
Event: 3.829 Executing VM operation: HandshakeAllThreads (Deoptimize) done
Event: 3.845 Executing VM operation: HandshakeAllThreads (Deoptimize)
Event: 3.845 Executing VM operation: HandshakeAllThreads (Deoptimize) done
Event: 3.972 Executing VM operation: HandshakeAllThreads (Deoptimize)
Event: 3.972 Executing VM operation: HandshakeAllThreads (Deoptimize) done
Event: 4.005 Executing VM operation: HandshakeAllThreads (Deoptimize)
Event: 4.005 Executing VM operation: HandshakeAllThreads (Deoptimize) done
Event: 4.051 Executing VM operation: G1CollectForAllocation (G1 Evacuation Pause)
Event: 4.054 Executing VM operation: G1CollectForAllocation (G1 Evacuation Pause) done

Memory protections (0 events):
No events

Nmethod flushes (20 events):
Event: 2.717 Thread 0x000001ad2bb6f1b0 flushing  nmethod 0x000001ad170bb210
Event: 2.717 Thread 0x000001ad2bb6f1b0 flushing  nmethod 0x000001ad170bee90
Event: 2.717 Thread 0x000001ad2bb6f1b0 flushing  nmethod 0x000001ad170c1c10
Event: 2.717 Thread 0x000001ad2bb6f1b0 flushing  nmethod 0x000001ad170c4890
Event: 2.717 Thread 0x000001ad2bb6f1b0 flushing  nmethod 0x000001ad170c8190
Event: 2.717 Thread 0x000001ad2bb6f1b0 flushing  nmethod 0x000001ad17126c10
Event: 2.717 Thread 0x000001ad2bb6f1b0 flushing  nmethod 0x000001ad17127210
Event: 2.717 Thread 0x000001ad2bb6f1b0 flushing  nmethod 0x000001ad17127710
Event: 2.717 Thread 0x000001ad2bb6f1b0 flushing  nmethod 0x000001ad17128190
Event: 2.717 Thread 0x000001ad2bb6f1b0 flushing  nmethod 0x000001ad1712de90
Event: 2.717 Thread 0x000001ad2bb6f1b0 flushing  nmethod 0x000001ad17132190
Event: 2.717 Thread 0x000001ad2bb6f1b0 flushing  nmethod 0x000001ad171f4910
Event: 2.717 Thread 0x000001ad2bb6f1b0 flushing  nmethod 0x000001ad172b6890
Event: 2.717 Thread 0x000001ad2bb6f1b0 flushing  nmethod 0x000001ad17328810
Event: 2.717 Thread 0x000001ad2bb6f1b0 flushing  nmethod 0x000001ad1732b790
Event: 2.717 Thread 0x000001ad2bb6f1b0 flushing  nmethod 0x000001ad1732be90
Event: 2.717 Thread 0x000001ad2bb6f1b0 flushing  nmethod 0x000001ad1732ec90
Event: 2.717 Thread 0x000001ad2bb6f1b0 flushing  nmethod 0x000001ad17331610
Event: 2.717 Thread 0x000001ad2bb6f1b0 flushing  nmethod 0x000001ad17436d90
Event: 2.717 Thread 0x000001ad2bb6f1b0 flushing  nmethod 0x000001ad17439c10

Events (20 events):
Event: 1.422 Thread 0x000001ad11ad2f70 Thread added: 0x000001ad313d77b0
Event: 1.473 Thread 0x000001ad11ad2f70 Thread added: 0x000001ad31c4b530
Event: 1.508 Thread 0x000001ad313d77b0 Thread added: 0x000001ad31c2bb00
Event: 1.510 Thread 0x000001ad31c2bb00 Thread added: 0x000001ad31b1f920
Event: 1.532 Thread 0x000001ad31c2bb00 Thread added: 0x000001ad31c6bfd0
Event: 1.537 Thread 0x000001ad31c2bb00 Thread added: 0x000001ad31c6c630
Event: 1.545 Thread 0x000001ad31c6c630 Thread added: 0x000001ad31bc2540
Event: 1.549 Thread 0x000001ad31c6c630 Thread added: 0x000001ad31bc8630
Event: 1.550 Thread 0x000001ad31c6c630 Thread added: 0x000001ad31bc8cc0
Event: 1.823 Thread 0x000001ad31c6c630 Thread added: 0x000001ad31bc7fa0
Event: 1.828 Thread 0x000001ad31c6c630 Thread added: 0x000001ad31bcad90
Event: 1.846 Thread 0x000001ad31c6c630 Thread added: 0x000001ad31bc9350
Event: 2.218 Thread 0x000001ad31c6c630 Thread added: 0x000001ad31bca700
Event: 2.418 Thread 0x000001ad31c6c630 Thread added: 0x000001ad31bc99e0
Event: 2.427 Thread 0x000001ad31c6c630 Thread added: 0x000001ad31bcb420
Event: 2.553 Thread 0x000001ad31c6c630 Thread added: 0x000001ad31bca070
Event: 2.558 Thread 0x000001ad31c6c630 Thread added: 0x000001ad31fb4ff0
Event: 2.787 Thread 0x000001ad31c6c630 Thread added: 0x000001ad31fb6a30
Event: 2.939 Thread 0x000001ad31c6c630 Thread added: 0x000001ad31fb2200
Event: 3.049 Thread 0x000001ad31c6c630 Thread added: 0x000001ad31fb1b70


Dynamic libraries:
0x00007ff6af1e0000 - 0x00007ff6af1ea000 	C:\Program Files\Android\Android Studio\jbr\bin\java.exe
0x00007ff88b8d0000 - 0x00007ff88bac8000 	C:\Windows\SYSTEM32\ntdll.dll
0x00007ff8898f0000 - 0x00007ff8899b2000 	C:\Windows\System32\KERNEL32.DLL
0x00007ff8891a0000 - 0x00007ff889496000 	C:\Windows\System32\KERNELBASE.dll
0x00007ff8894a0000 - 0x00007ff8895a0000 	C:\Windows\System32\ucrtbase.dll
0x00007ff881110000 - 0x00007ff881128000 	C:\Program Files\Android\Android Studio\jbr\bin\jli.dll
0x00007ff877290000 - 0x00007ff8772ab000 	C:\Program Files\Android\Android Studio\jbr\bin\VCRUNTIME140.dll
0x00007ff88ab80000 - 0x00007ff88ad1d000 	C:\Windows\System32\USER32.dll
0x00007ff86b030000 - 0x00007ff86b2ca000 	C:\Windows\WinSxS\amd64_microsoft.windows.common-controls_6595b64144ccf1df_6.0.19041.5915_none_60b4b9d171f9c7c7\COMCTL32.dll
0x00007ff889170000 - 0x00007ff889192000 	C:\Windows\System32\win32u.dll
0x00007ff88b150000 - 0x00007ff88b1ee000 	C:\Windows\System32\msvcrt.dll
0x00007ff88aa20000 - 0x00007ff88aa4b000 	C:\Windows\System32\GDI32.dll
0x00007ff888f60000 - 0x00007ff889079000 	C:\Windows\System32\gdi32full.dll
0x00007ff889080000 - 0x00007ff88911d000 	C:\Windows\System32\msvcp_win.dll
0x00007ff88b100000 - 0x00007ff88b12f000 	C:\Windows\System32\IMM32.DLL
0x00007ff881220000 - 0x00007ff88122c000 	C:\Program Files\Android\Android Studio\jbr\bin\vcruntime140_1.dll
0x00007ff870fa0000 - 0x00007ff87102d000 	C:\Program Files\Android\Android Studio\jbr\bin\msvcp140.dll
0x00007ff85a6e0000 - 0x00007ff85b36b000 	C:\Program Files\Android\Android Studio\jbr\bin\server\jvm.dll
0x00007ff88a4d0000 - 0x00007ff88a581000 	C:\Windows\System32\ADVAPI32.dll
0x00007ff88a590000 - 0x00007ff88a62f000 	C:\Windows\System32\sechost.dll
0x00007ff88a270000 - 0x00007ff88a393000 	C:\Windows\System32\RPCRT4.dll
0x00007ff889830000 - 0x00007ff889857000 	C:\Windows\System32\bcrypt.dll
0x00007ff88a630000 - 0x00007ff88a69b000 	C:\Windows\System32\WS2_32.dll
0x00007ff888d10000 - 0x00007ff888d5b000 	C:\Windows\SYSTEM32\POWRPROF.dll
0x00007ff880300000 - 0x00007ff880327000 	C:\Windows\SYSTEM32\WINMM.dll
0x00007ff880330000 - 0x00007ff88033a000 	C:\Windows\SYSTEM32\VERSION.dll
0x00007ff888cf0000 - 0x00007ff888d02000 	C:\Windows\SYSTEM32\UMPDC.dll
0x00007ff8877a0000 - 0x00007ff8877b2000 	C:\Windows\SYSTEM32\kernel.appcore.dll
0x00007ff881200000 - 0x00007ff88120a000 	C:\Program Files\Android\Android Studio\jbr\bin\jimage.dll
0x00007ff886b10000 - 0x00007ff886d11000 	C:\Windows\SYSTEM32\DBGHELP.DLL
0x00007ff881b30000 - 0x00007ff881b64000 	C:\Windows\SYSTEM32\dbgcore.DLL
0x00007ff889860000 - 0x00007ff8898e2000 	C:\Windows\System32\bcryptPrimitives.dll
0x00007ff8810c0000 - 0x00007ff8810ce000 	C:\Program Files\Android\Android Studio\jbr\bin\instrument.dll
0x00007ff877190000 - 0x00007ff8771b0000 	C:\Program Files\Android\Android Studio\jbr\bin\java.dll
0x00007ff876720000 - 0x00007ff876738000 	C:\Program Files\Android\Android Studio\jbr\bin\zip.dll
0x00007ff8899c0000 - 0x00007ff88a12e000 	C:\Windows\System32\SHELL32.dll
0x00007ff886fe0000 - 0x00007ff887784000 	C:\Windows\SYSTEM32\windows.storage.dll
0x00007ff88ada0000 - 0x00007ff88b0f3000 	C:\Windows\System32\combase.dll
0x00007ff8888c0000 - 0x00007ff8888eb000 	C:\Windows\SYSTEM32\Wldp.dll
0x00007ff88a400000 - 0x00007ff88a4cd000 	C:\Windows\System32\OLEAUT32.dll
0x00007ff88b310000 - 0x00007ff88b3bd000 	C:\Windows\System32\SHCORE.dll
0x00007ff88a3a0000 - 0x00007ff88a3fb000 	C:\Windows\System32\shlwapi.dll
0x00007ff888e90000 - 0x00007ff888eb5000 	C:\Windows\SYSTEM32\profapi.dll
0x00007ff880dc0000 - 0x00007ff880dd0000 	C:\Program Files\Android\Android Studio\jbr\bin\net.dll
0x00007ff883220000 - 0x00007ff88332a000 	C:\Windows\SYSTEM32\WINHTTP.dll
0x00007ff888620000 - 0x00007ff88868a000 	C:\Windows\system32\mswsock.dll
0x00007ff876500000 - 0x00007ff876516000 	C:\Program Files\Android\Android Studio\jbr\bin\nio.dll
0x00007ff876a40000 - 0x00007ff876a50000 	C:\Program Files\Android\Android Studio\jbr\bin\verify.dll
0x00007ff870dc0000 - 0x00007ff870de7000 	C:\Users\Joran Joshwa\.gradle\native\c067742578af261105cb4f569cf0c3c89f3d7b1fecec35dd04571415982c5e48\windows-amd64\native-platform.dll
0x00007ff8578d0000 - 0x00007ff857a14000 	C:\Users\Joran Joshwa\.gradle\native\100fb08df4bc3b14c8652ba06237920a3bd2aa13389f12d3474272988ae205f9\windows-amd64\native-platform-file-events.dll
0x00007ff877280000 - 0x00007ff877289000 	C:\Program Files\Android\Android Studio\jbr\bin\management.dll
0x00007ff877180000 - 0x00007ff87718b000 	C:\Program Files\Android\Android Studio\jbr\bin\management_ext.dll
0x00007ff88a6a0000 - 0x00007ff88a6a8000 	C:\Windows\System32\PSAPI.DLL
0x00007ff888820000 - 0x00007ff888838000 	C:\Windows\SYSTEM32\CRYPTSP.dll
0x00007ff887f40000 - 0x00007ff887f78000 	C:\Windows\system32\rsaenh.dll
0x00007ff888e10000 - 0x00007ff888e3e000 	C:\Windows\SYSTEM32\USERENV.dll
0x00007ff888810000 - 0x00007ff88881c000 	C:\Windows\SYSTEM32\CRYPTBASE.dll
0x00007ff888300000 - 0x00007ff88833b000 	C:\Windows\SYSTEM32\IPHLPAPI.DLL
0x00007ff88b1f0000 - 0x00007ff88b1f8000 	C:\Windows\System32\NSI.dll
0x00007ff8775c0000 - 0x00007ff8775c9000 	C:\Program Files\Android\Android Studio\jbr\bin\extnet.dll
0x00007ff879930000 - 0x00007ff879937000 	C:\Windows\system32\wshunix.dll

dbghelp: loaded successfully - version: 4.0.5 - missing functions: none
symbol engine: initialized successfully - sym options: 0x614 - pdb path: .;C:\Program Files\Android\Android Studio\jbr\bin;C:\Windows\SYSTEM32;C:\Windows\WinSxS\amd64_microsoft.windows.common-controls_6595b64144ccf1df_6.0.19041.5915_none_60b4b9d171f9c7c7;C:\Program Files\Android\Android Studio\jbr\bin\server;C:\Users\Joran Joshwa\.gradle\native\c067742578af261105cb4f569cf0c3c89f3d7b1fecec35dd04571415982c5e48\windows-amd64;C:\Users\Joran Joshwa\.gradle\native\100fb08df4bc3b14c8652ba06237920a3bd2aa13389f12d3474272988ae205f9\windows-amd64

VM Arguments:
jvm_args: --add-opens=java.base/java.lang=ALL-UNNAMED --add-opens=java.base/java.lang.invoke=ALL-UNNAMED --add-opens=java.base/java.util=ALL-UNNAMED --add-opens=java.prefs/java.util.prefs=ALL-UNNAMED --add-exports=jdk.compiler/com.sun.tools.javac.api=ALL-UNNAMED --add-exports=jdk.compiler/com.sun.tools.javac.util=ALL-UNNAMED --add-opens=java.base/java.util=ALL-UNNAMED --add-opens=java.prefs/java.util.prefs=ALL-UNNAMED --add-opens=java.base/java.nio.charset=ALL-UNNAMED --add-opens=java.base/java.net=ALL-UNNAMED --add-opens=java.base/java.util.concurrent.atomic=ALL-UNNAMED --add-opens=java.xml/javax.xml.namespace=ALL-UNNAMED -Xmx2048m -Dfile.encoding=UTF-8 -Duser.country=BR -Duser.language=pt -Duser.variant -javaagent:C:\Users\Joran Joshwa\.gradle\wrapper\dists\gradle-8.11.1-bin\bpt9gzteqjrbo1mjrsomdt32c\gradle-8.11.1\lib\agents\gradle-instrumentation-agent-8.11.1.jar 
java_command: org.gradle.launcher.daemon.bootstrap.GradleDaemon 8.11.1
java_class_path (initial): C:\Users\Joran Joshwa\.gradle\wrapper\dists\gradle-8.11.1-bin\bpt9gzteqjrbo1mjrsomdt32c\gradle-8.11.1\lib\gradle-daemon-main-8.11.1.jar
Launcher Type: SUN_STANDARD

[Global flags]
     intx CICompilerCount                          = 4                                         {product} {ergonomic}
     uint ConcGCThreads                            = 3                                         {product} {ergonomic}
     uint G1ConcRefinementThreads                  = 10                                        {product} {ergonomic}
   size_t G1HeapRegionSize                         = 1048576                                   {product} {ergonomic}
    uintx GCDrainStackTargetSize                   = 64                                        {product} {ergonomic}
   size_t InitialHeapSize                          = 199229440                                 {product} {ergonomic}
   size_t MarkStackSize                            = 4194304                                   {product} {ergonomic}
   size_t MaxHeapSize                              = 2147483648                                {product} {command line}
   size_t MaxNewSize                               = 1287651328                                {product} {ergonomic}
   size_t MinHeapDeltaBytes                        = 1048576                                   {product} {ergonomic}
   size_t MinHeapSize                              = 8388608                                   {product} {ergonomic}
    uintx NonNMethodCodeHeapSize                   = 5839372                                {pd product} {ergonomic}
    uintx NonProfiledCodeHeapSize                  = 122909434                              {pd product} {ergonomic}
    uintx ProfiledCodeHeapSize                     = 122909434                              {pd product} {ergonomic}
    uintx ReservedCodeCacheSize                    = 251658240                              {pd product} {ergonomic}
     bool SegmentedCodeCache                       = true                                      {product} {ergonomic}
   size_t SoftMaxHeapSize                          = 2147483648                             {manageable} {ergonomic}
     bool UseCompressedOops                        = true                           {product lp64_product} {ergonomic}
     bool UseG1GC                                  = true                                      {product} {ergonomic}
     bool UseLargePagesIndividualAllocation        = false                                  {pd product} {ergonomic}

Logging:
Log output configuration:
 #0: stdout all=warning uptime,level,tags foldmultilines=false
 #1: stderr all=off uptime,level,tags foldmultilines=false

Environment Variables:
JAVA_HOME=C:\Program Files\Eclipse Adoptium\jdk-8.0.432.6-hotspot\
PATH=C:\Program Files\Common Files\Oracle\Java\javapath;C:\Program Files\Python313\Scripts\;C:\Program Files\Python313\;C:\Program Files\Eclipse Adoptium\jdk-21.0.5.11-hotspot\bin;C:\Program Files\Eclipse Adoptium\jdk-11.0.25.9-hotspot\bin;C:\Program Files\Eclipse Adoptium\jdk-17.0.13.11-hotspot\bin;C:\Program Files\Eclipse Adoptium\jdk-8.0.432.6-hotspot\bin;C:\Program Files (x86)\Eclipse Adoptium\jdk-8.0.432.6-hotspot\bin;C:\Program Files\Eclipse Adoptium\jre-21.0.5.11-hotspot\bin;C:\Program Files\Eclipse Adoptium\jre-8.0.432.6-hotspot\bin;C:\Program Files\Eclipse Adoptium\jre-17.0.13.11-hotspot\bin;C:\Program Files\Eclipse Adoptium\jre-11.0.25.9-hotspot\bin;C:\Program Files (x86)\Eclipse Adoptium\jre-8.0.432.6-hotspot\bin;C:\Windows\system32;C:\Windows;C:\Windows\System32\Wbem;C:\Windows\System32\WindowsPowerShell\v1.0\;C:\Windows\System32\OpenSSH\;C:\Program Files\Microsoft VS Code\bin;C:\Program Files (x86)\dotnet\;C:\Program Files\dotnet\;C:\Program Files\Intel\WiFi\bin\;C:\Program Files\Common Files\Intel\WirelessCommon\;C:\Program Files\Git\cmd;C:\Program Files\nodejs\;C:\Users\Joran Joshwa\AppData\Local\Microsoft\WindowsApps;C:\Program Files\Intel\WiFi\bin\;C:\Program Files\Common Files\Intel\WirelessCommon\;C:\Users\Joran Joshwa\AppData\Roaming\npm
USERNAME=Joran Joshwa
OS=Windows_NT
PROCESSOR_IDENTIFIER=AMD64 Family 25 Model 80 Stepping 0, AuthenticAMD
TMP=C:\Users\JORANJ~1\AppData\Local\Temp
TEMP=C:\Users\JORANJ~1\AppData\Local\Temp




Periodic native trim disabled

JNI global refs:
JNI global refs: 25, weak refs: 0

JNI global refs memory usage: 835, weak refs: 833

Process memory usage:
Resident Set Size: 266740K (2% of 12451064K total physical memory with 14800K free physical memory)

OOME stack traces (most recent first):
Classloader memory used:
Loader org.gradle.internal.classloader.VisitableURLClassLoader                         : 24165K
Loader bootstrap                                                                       : 21515K
Loader org.gradle.initialization.MixInLegacyTypesClassLoader                           : 5417K
Loader jdk.internal.loader.ClassLoaders$PlatformClassLoader                            : 530K
Loader jdk.internal.loader.ClassLoaders$AppClassLoader                                 : 234K
Loader org.gradle.internal.classloader.VisitableURLClassLoader                         : 19136B

Classes loaded by more than one classloader:
Class org.gradle.internal.classloader.FilteringClassLoader                            : loaded 2 times (x 101B)
Class org.gradle.internal.classloader.ClassLoaderHierarchy                            : loaded 2 times (x 66B)
Class org.gradle.api.internal.classpath.ManifestUtil                                  : loaded 2 times (x 67B)
Class org.gradle.internal.classloader.DefaultClassLoaderFactory                       : loaded 2 times (x 78B)
Class org.gradle.internal.classloader.ClassLoaderVisitor                              : loaded 2 times (x 72B)
Class org.gradle.api.internal.classpath.EffectiveClassPath                            : loaded 2 times (x 86B)
Class org.gradle.api.internal.DefaultClassPathProvider                                : loaded 2 times (x 72B)
Class [Lorg.gradle.api.internal.ClassPathProvider;                                    : loaded 2 times (x 65B)
Class org.gradle.api.internal.ClassPathProvider                                       : loaded 2 times (x 66B)
Class org.gradle.internal.service.UnknownServiceException                             : loaded 2 times (x 79B)
Class org.gradle.internal.classpath.TransformedClassPath                              : loaded 2 times (x 92B)
Class org.gradle.internal.classloader.InstrumentingClassLoader                        : loaded 2 times (x 66B)
Class org.gradle.internal.service.ServiceLocator                                      : loaded 2 times (x 66B)
Class org.gradle.internal.InternalTransformer                                         : loaded 2 times (x 66B)
Class org.gradle.internal.classloader.ClasspathUtil$1                                 : loaded 2 times (x 72B)
Class org.gradle.api.internal.classpath.DefaultModuleRegistry$DefaultModule           : loaded 2 times (x 82B)
Class org.gradle.api.internal.classpath.Module                                        : loaded 2 times (x 66B)
Class org.gradle.api.internal.classpath.UnknownModuleException                        : loaded 2 times (x 78B)
Class org.gradle.api.internal.DefaultClassPathRegistry                                : loaded 2 times (x 72B)
Class org.gradle.api.internal.ClassPathRegistry                                       : loaded 2 times (x 66B)
Class org.gradle.internal.classpath.DefaultClassPath$ImmutableUniqueList              : loaded 2 times (x 195B)
Class org.gradle.internal.classpath.ClassPath                                         : loaded 2 times (x 66B)
Class org.gradle.api.UncheckedIOException                                             : loaded 2 times (x 78B)
Class org.gradle.internal.installation.GradleInstallation$1                           : loaded 2 times (x 71B)
Class org.gradle.api.internal.classpath.ModuleRegistry                                : loaded 2 times (x 66B)
Class org.gradle.api.internal.classpath.DefaultModuleRegistry                         : loaded 2 times (x 82B)
Class org.gradle.internal.service.ServiceLookupException                              : loaded 2 times (x 78B)
Class org.gradle.internal.classloader.ClassLoaderFactory                              : loaded 2 times (x 66B)
Class org.gradle.internal.service.CachingServiceLocator                               : loaded 2 times (x 78B)
Class org.gradle.internal.classloader.ClasspathUtil                                   : loaded 2 times (x 67B)
Class org.gradle.api.specs.Spec                                                       : loaded 2 times (x 66B)
Class org.gradle.internal.classloader.VisitableURLClassLoader$InstrumentingVisitableURLClassLoader: loaded 2 times (x 119B)
Class org.gradle.internal.classloader.VisitableURLClassLoader$Spec                    : loaded 2 times (x 70B)
Class org.gradle.internal.classpath.DefaultClassPath                                  : loaded 2 times (x 86B)
Class org.gradle.internal.classloader.ClassLoaderSpec                                 : loaded 2 times (x 67B)
Class org.gradle.internal.classloader.VisitableURLClassLoader                         : loaded 2 times (x 113B)
Class org.gradle.internal.Cast                                                        : loaded 2 times (x 67B)
Class org.gradle.api.Action                                                           : loaded 2 times (x 66B)
Class org.gradle.internal.classpath.DefaultClassPath$ImmutableUniqueList$Builder      : loaded 2 times (x 71B)
Class org.gradle.api.GradleException                                                  : loaded 2 times (x 78B)
Class org.gradle.internal.IoActions                                                   : loaded 2 times (x 67B)
Class org.gradle.internal.classloader.SystemClassLoaderSpec                           : loaded 2 times (x 67B)
Class org.gradle.api.internal.classpath.GlobalCacheRootsProvider                      : loaded 2 times (x 66B)
Class org.gradle.internal.installation.CurrentGradleInstallationLocator               : loaded 2 times (x 67B)
Class org.gradle.internal.service.DefaultServiceLocator                               : loaded 2 times (x 79B)
Class org.gradle.internal.installation.CurrentGradleInstallation                      : loaded 2 times (x 69B)
Class org.gradle.util.internal.GUtil                                                  : loaded 2 times (x 67B)
Class org.gradle.internal.installation.GradleInstallation                             : loaded 2 times (x 71B)

---------------  S Y S T E M  ---------------

OS:
 Windows 10 , 64 bit Build 19041 (10.0.19041.5915)
OS uptime: 4 days 15:01 hours

CPU: total 12 (initial active 12) (12 cores per cpu, 2 threads per core) family 25 model 80 stepping 0 microcode 0x0, cx8, cmov, fxsr, ht, mmx, 3dnowpref, sse, sse2, sse3, ssse3, sse4a, sse4.1, sse4.2, popcnt, lzcnt, tsc, tscinvbit, avx, avx2, aes, erms, clmul, bmi1, bmi2, adx, sha, fma, vzeroupper, clflush, clflushopt, rdtscp, rdpid, fsrm, f16c, pku, cet_ss
Processor Information for the first 12 processors :
  Max Mhz: 3600, Current Mhz: 3600, Mhz Limit: 3600

Memory: 4k page, system-wide physical 12159M (15M free)
TotalPageFile size 49023M (AvailPageFile size 6M)
current process WorkingSet (physical memory assigned to process): 260M, peak: 263M
current process commit charge ("private bytes"): 304M, peak: 321M

vm_info: OpenJDK 64-Bit Server VM (21.0.6+-13355223-b631.42) for windows-amd64 JRE (21.0.6+-13355223-b631.42), built on 2025-04-14T18:21:23Z by "builder" with MS VC++ 16.10 / 16.11 (VS2019)

END.
